Performing C SOURCE FILE Test CMAKE_HAVE_LIBC_PTHREAD failed with the following output:
Change Dir: /workspace/bevfusion_ws/src/BEVFusion-ROS-TensorRT/build/CMakeFiles/CMakeTmp

Run Build Command(s):/usr/bin/make -f Makefile cmTC_23dea/fast && /usr/bin/make  -f CMakeFiles/cmTC_23dea.dir/build.make CMakeFiles/cmTC_23dea.dir/build
make[1]: Entering directory '/workspace/bevfusion_ws/src/BEVFusion-ROS-TensorRT/build/CMakeFiles/CMakeTmp'
Building C object CMakeFiles/cmTC_23dea.dir/src.c.o
/usr/bin/cc -DCMAKE_HAVE_LIBC_PTHREAD  -fPIC  -o CMakeFiles/cmTC_23dea.dir/src.c.o -c /workspace/bevfusion_ws/src/BEVFusion-ROS-TensorRT/build/CMakeFiles/CMakeTmp/src.c
Linking C executable cmTC_23dea
/usr/local/bin/cmake -E cmake_link_script CMakeFiles/cmTC_23dea.dir/link.txt --verbose=1
/usr/bin/cc -fPIC  CMakeFiles/cmTC_23dea.dir/src.c.o -o cmTC_23dea 
/usr/bin/ld: CMakeFiles/cmTC_23dea.dir/src.c.o: in function `main':
src.c:(.text+0x46): undefined reference to `pthread_create'
/usr/bin/ld: src.c:(.text+0x52): undefined reference to `pthread_detach'
/usr/bin/ld: src.c:(.text+0x5e): undefined reference to `pthread_cancel'
/usr/bin/ld: src.c:(.text+0x6f): undefined reference to `pthread_join'
collect2: error: ld returned 1 exit status
make[1]: *** [CMakeFiles/cmTC_23dea.dir/build.make:99: cmTC_23dea] Error 1
make[1]: Leaving directory '/workspace/bevfusion_ws/src/BEVFusion-ROS-TensorRT/build/CMakeFiles/CMakeTmp'
make: *** [Makefile:127: cmTC_23dea/fast] Error 2


Source file was:
#include <pthread.h>

static void* test_func(void* data)
{
  return data;
}

int main(void)
{
  pthread_t thread;
  pthread_create(&thread, NULL, test_func, NULL);
  pthread_detach(thread);
  pthread_cancel(thread);
  pthread_join(thread, NULL);
  pthread_atfork(NULL, NULL, NULL);
  pthread_exit(NULL);

  return 0;
}

Determining if the function pthread_create exists in the pthreads failed with the following output:
Change Dir: /workspace/bevfusion_ws/src/BEVFusion-ROS-TensorRT/build/CMakeFiles/CMakeTmp

Run Build Command(s):/usr/bin/make -f Makefile cmTC_be085/fast && /usr/bin/make  -f CMakeFiles/cmTC_be085.dir/build.make CMakeFiles/cmTC_be085.dir/build
make[1]: Entering directory '/workspace/bevfusion_ws/src/BEVFusion-ROS-TensorRT/build/CMakeFiles/CMakeTmp'
Building C object CMakeFiles/cmTC_be085.dir/CheckFunctionExists.c.o
/usr/bin/cc   -fPIC -DCHECK_FUNCTION_EXISTS=pthread_create -o CMakeFiles/cmTC_be085.dir/CheckFunctionExists.c.o -c /usr/local/share/cmake-3.24/Modules/CheckFunctionExists.c
Linking C executable cmTC_be085
/usr/local/bin/cmake -E cmake_link_script CMakeFiles/cmTC_be085.dir/link.txt --verbose=1
/usr/bin/cc -fPIC -DCHECK_FUNCTION_EXISTS=pthread_create CMakeFiles/cmTC_be085.dir/CheckFunctionExists.c.o -o cmTC_be085  -lpthreads 
/usr/bin/ld: cannot find -lpthreads
collect2: error: ld returned 1 exit status
make[1]: *** [CMakeFiles/cmTC_be085.dir/build.make:99: cmTC_be085] Error 1
make[1]: Leaving directory '/workspace/bevfusion_ws/src/BEVFusion-ROS-TensorRT/build/CMakeFiles/CMakeTmp'
make: *** [Makefile:127: cmTC_be085/fast] Error 2



